<?xml version="1.0" encoding="UTF-8"?>
<!-- Generated by org.testng.reporters.JUnitXMLReporter -->
<testsuite ignored="4" hostname="LAPTOP-6ELCMCHC" failures="0" tests="2" name="Test" time="11.046" errors="0" timestamp="2022-02-06T16:35:03 IST">
  <testcase classname="MavenProject.BussinessScripts.GmailTest" name="gmailtest" time="6.677"/>
  <testcase classname="MavenProject.BussinessScripts.FbTest" name="fbTest" time="4.084"/>
  <testcase classname="MavenProject.Project.BaseClass" name="@AfterSuite CloseBrowser" time="0.0">
    <ignored/>
  </testcase> <!-- @AfterSuite CloseBrowser -->
  <testcase classname="MavenProject.Project.BaseClass" name="@BeforeTest initReports" time="0.0">
    <ignored/>
  </testcase> <!-- @BeforeTest initReports -->
  <testcase classname="MavenProject.Project.BaseClass" name="@BeforeSuite OpenBrowser" time="0.0">
    <ignored/>
  </testcase> <!-- @BeforeSuite OpenBrowser -->
  <testcase classname="MavenProject.Project.BaseClass" name="@AfterTest getReports" time="0.0">
    <ignored/>
  </testcase> <!-- @AfterTest getReports -->
</testsuite> <!-- Test -->
