<?xml version="1.0" encoding="UTF-8"?>
<testsuite xmlns:xsi="http://www.w3.org/2001/XMLSchema-instance" xsi:noNamespaceSchemaLocation="https://maven.apache.org/surefire/maven-surefire-plugin/xsd/surefire-test-report.xsd" name="TestSuite" time="14.638" tests="2" errors="0" skipped="0" failures="0">
  <properties>
[...]
</properties>
  <testcase name="gmailtest" classname="MavenProject.BussinessScripts.GmailTest" time="6.68"/>
  <testcase name="fbTest" classname="MavenProject.BussinessScripts.FbTest" time="4.085"/>
</testsuite>